C:\COCOS2D-2.1BETA3-X-2.1.1\COCOS2D-2.1BETA3-X-2.1.1\DEBUG.WIN32\SNAKEGAME.WIN32.EXE
C:\COCOS2D-2.1BETA3-X-2.1.1\COCOS2D-2.1BETA3-X-2.1.1\DEBUG.WIN32\SNAKEGAME.WIN32.ILK
C:\COCOS2D-2.1BETA3-X-2.1.1\COCOS2D-2.1BETA3-X-2.1.1\DEBUG.WIN32\SNAKEGAME.WIN32.PDB
C:\COCOS2D-2.1BETA3-X-2.1.1\COCOS2D-2.1BETA3-X-2.1.1\MYPROJECT\SNAKEGAME\PROJ.WIN32\DEBUG.WIN32\APPDELEGATE.OBJ
C:\COCOS2D-2.1BETA3-X-2.1.1\COCOS2D-2.1BETA3-X-2.1.1\MYPROJECT\SNAKEGAME\PROJ.WIN32\DEBUG.WIN32\CONTROLLAYER.OBJ
C:\COCOS2D-2.1BETA3-X-2.1.1\COCOS2D-2.1BETA3-X-2.1.1\MYPROJECT\SNAKEGAME\PROJ.WIN32\DEBUG.WIN32\EARTHSNAKE.OBJ
C:\COCOS2D-2.1BETA3-X-2.1.1\COCOS2D-2.1BETA3-X-2.1.1\MYPROJECT\SNAKEGAME\PROJ.WIN32\DEBUG.WIN32\ENDSCENE.OBJ
C:\COCOS2D-2.1BETA3-X-2.1.1\COCOS2D-2.1BETA3-X-2.1.1\MYPROJECT\SNAKEGAME\PROJ.WIN32\DEBUG.WIN32\FOOD.OBJ
C:\COCOS2D-2.1BETA3-X-2.1.1\COCOS2D-2.1BETA3-X-2.1.1\MYPROJECT\SNAKEGAME\PROJ.WIN32\DEBUG.WIN32\GAMELAYER.OBJ
C:\COCOS2D-2.1BETA3-X-2.1.1\COCOS2D-2.1BETA3-X-2.1.1\MYPROJECT\SNAKEGAME\PROJ.WIN32\DEBUG.WIN32\GAMEMAP.OBJ
C:\COCOS2D-2.1BETA3-X-2.1.1\COCOS2D-2.1BETA3-X-2.1.1\MYPROJECT\SNAKEGAME\PROJ.WIN32\DEBUG.WIN32\GAMESCENE.OBJ
C:\COCOS2D-2.1BETA3-X-2.1.1\COCOS2D-2.1BETA3-X-2.1.1\MYPROJECT\SNAKEGAME\PROJ.WIN32\DEBUG.WIN32\GLOBAL.OBJ
C:\COCOS2D-2.1BETA3-X-2.1.1\COCOS2D-2.1BETA3-X-2.1.1\MYPROJECT\SNAKEGAME\PROJ.WIN32\DEBUG.WIN32\HELLOWORLDSCENE.OBJ
C:\COCOS2D-2.1BETA3-X-2.1.1\COCOS2D-2.1BETA3-X-2.1.1\MYPROJECT\SNAKEGAME\PROJ.WIN32\DEBUG.WIN32\INTROSCENE.OBJ
C:\COCOS2D-2.1BETA3-X-2.1.1\COCOS2D-2.1BETA3-X-2.1.1\MYPROJECT\SNAKEGAME\PROJ.WIN32\DEBUG.WIN32\MAIN.OBJ
C:\COCOS2D-2.1BETA3-X-2.1.1\COCOS2D-2.1BETA3-X-2.1.1\MYPROJECT\SNAKEGAME\PROJ.WIN32\DEBUG.WIN32\MARSSNAKE.OBJ
C:\COCOS2D-2.1BETA3-X-2.1.1\COCOS2D-2.1BETA3-X-2.1.1\MYPROJECT\SNAKEGAME\PROJ.WIN32\DEBUG.WIN32\SINGLETON.OBJ
C:\COCOS2D-2.1BETA3-X-2.1.1\COCOS2D-2.1BETA3-X-2.1.1\MYPROJECT\SNAKEGAME\PROJ.WIN32\DEBUG.WIN32\SNAKE.OBJ
C:\COCOS2D-2.1BETA3-X-2.1.1\COCOS2D-2.1BETA3-X-2.1.1\MYPROJECT\SNAKEGAME\PROJ.WIN32\DEBUG.WIN32\SNAKEGAME.RES
C:\COCOS2D-2.1BETA3-X-2.1.1\COCOS2D-2.1BETA3-X-2.1.1\MYPROJECT\SNAKEGAME\PROJ.WIN32\DEBUG.WIN32\SNAKEGAME.WIN32.EXE.EMBED.MANIFEST
C:\COCOS2D-2.1BETA3-X-2.1.1\COCOS2D-2.1BETA3-X-2.1.1\MYPROJECT\SNAKEGAME\PROJ.WIN32\DEBUG.WIN32\SNAKEGAME.WIN32.EXE.EMBED.MANIFEST.RES
C:\COCOS2D-2.1BETA3-X-2.1.1\COCOS2D-2.1BETA3-X-2.1.1\MYPROJECT\SNAKEGAME\PROJ.WIN32\DEBUG.WIN32\SNAKEGAME.WIN32.EXE.INTERMEDIATE.MANIFEST
C:\COCOS2D-2.1BETA3-X-2.1.1\COCOS2D-2.1BETA3-X-2.1.1\MYPROJECT\SNAKEGAME\PROJ.WIN32\DEBUG.WIN32\VC100.PDB
E:\编程资料\编程代码\COCOS2D-X\COCOS2D-2.1BETA3-X-2.1.1\DEBUG.WIN32\SNAKEGAME.WIN32.EXE
E:\编程资料\编程代码\COCOS2D-X\COCOS2D-2.1BETA3-X-2.1.1\DEBUG.WIN32\SNAKEGAME.WIN32.ILK
E:\编程资料\编程代码\COCOS2D-X\COCOS2D-2.1BETA3-X-2.1.1\DEBUG.WIN32\SNAKEGAME.WIN32.PDB
E:\编程资料\编程代码\SNAKEGAME\PROJ.WIN32\DEBUG.WIN32\APPDELEGATE.OBJ
E:\编程资料\编程代码\SNAKEGAME\PROJ.WIN32\DEBUG.WIN32\CONTROLLAYER.OBJ
E:\编程资料\编程代码\SNAKEGAME\PROJ.WIN32\DEBUG.WIN32\EARTHSNAKE.OBJ
E:\编程资料\编程代码\SNAKEGAME\PROJ.WIN32\DEBUG.WIN32\ENDSCENE.OBJ
E:\编程资料\编程代码\SNAKEGAME\PROJ.WIN32\DEBUG.WIN32\FOOD.OBJ
E:\编程资料\编程代码\SNAKEGAME\PROJ.WIN32\DEBUG.WIN32\GAMELAYER.OBJ
E:\编程资料\编程代码\SNAKEGAME\PROJ.WIN32\DEBUG.WIN32\GAMEMAP.OBJ
E:\编程资料\编程代码\SNAKEGAME\PROJ.WIN32\DEBUG.WIN32\GAMESCENE.OBJ
E:\编程资料\编程代码\SNAKEGAME\PROJ.WIN32\DEBUG.WIN32\GLOBAL.OBJ
E:\编程资料\编程代码\SNAKEGAME\PROJ.WIN32\DEBUG.WIN32\INTROSCENE.OBJ
E:\编程资料\编程代码\SNAKEGAME\PROJ.WIN32\DEBUG.WIN32\MAIN.OBJ
E:\编程资料\编程代码\SNAKEGAME\PROJ.WIN32\DEBUG.WIN32\MARSSNAKE.OBJ
E:\编程资料\编程代码\SNAKEGAME\PROJ.WIN32\DEBUG.WIN32\SNAKE.OBJ
E:\编程资料\编程代码\SNAKEGAME\PROJ.WIN32\DEBUG.WIN32\SNAKEGAME.RES
E:\编程资料\编程代码\SNAKEGAME\PROJ.WIN32\DEBUG.WIN32\SNAKEGAME.WIN32.EXE.EMBED.MANIFEST.RES
E:\编程资料\编程代码\SNAKEGAME\PROJ.WIN32\DEBUG.WIN32\VC100.PDB
E:\编程资料\编程代码\SNAKEGAME-1\SNAKEGAME\PROJ.WIN32\DEBUG.WIN32\APPDELEGATE.OBJ
E:\编程资料\编程代码\SnakeGame-1\SnakeGame\proj.win32\Debug.win32\cl.command.1.tlog
E:\编程资料\编程代码\SnakeGame-1\SnakeGame\proj.win32\Debug.win32\CL.read.1.tlog
E:\编程资料\编程代码\SnakeGame-1\SnakeGame\proj.win32\Debug.win32\CL.write.1.tlog
E:\编程资料\编程代码\SNAKEGAME-1\SNAKEGAME\PROJ.WIN32\DEBUG.WIN32\CONTROLLAYER.OBJ
E:\编程资料\编程代码\SNAKEGAME-1\SNAKEGAME\PROJ.WIN32\DEBUG.WIN32\EARTHSNAKE.OBJ
E:\编程资料\编程代码\SNAKEGAME-1\SNAKEGAME\PROJ.WIN32\DEBUG.WIN32\ENDSCENE.OBJ
E:\编程资料\编程代码\SNAKEGAME-1\SNAKEGAME\PROJ.WIN32\DEBUG.WIN32\FOOD.OBJ
E:\编程资料\编程代码\SNAKEGAME-1\SNAKEGAME\PROJ.WIN32\DEBUG.WIN32\GAMELAYER.OBJ
E:\编程资料\编程代码\SNAKEGAME-1\SNAKEGAME\PROJ.WIN32\DEBUG.WIN32\GAMEMAP.OBJ
E:\编程资料\编程代码\SNAKEGAME-1\SNAKEGAME\PROJ.WIN32\DEBUG.WIN32\GAMESCENE.OBJ
E:\编程资料\编程代码\SNAKEGAME-1\SNAKEGAME\PROJ.WIN32\DEBUG.WIN32\GLOBAL.OBJ
E:\编程资料\编程代码\SnakeGame-1\SnakeGame\proj.win32\Debug.win32\HelloWorldScene.obj
E:\编程资料\编程代码\SNAKEGAME-1\SNAKEGAME\PROJ.WIN32\DEBUG.WIN32\INTROSCENE.OBJ
E:\编程资料\编程代码\SnakeGame-1\SnakeGame\proj.win32\Debug.win32\link.12044.read.1.tlog
E:\编程资料\编程代码\SnakeGame-1\SnakeGame\proj.win32\Debug.win32\link.12044.write.1.tlog
E:\编程资料\编程代码\SnakeGame-1\SnakeGame\proj.win32\Debug.win32\link.12044-cvtres.read.1.tlog
E:\编程资料\编程代码\SnakeGame-1\SnakeGame\proj.win32\Debug.win32\link.12044-cvtres.write.1.tlog
E:\编程资料\编程代码\SnakeGame-1\SnakeGame\proj.win32\Debug.win32\link.1380.read.1.tlog
E:\编程资料\编程代码\SnakeGame-1\SnakeGame\proj.win32\Debug.win32\link.1380.write.1.tlog
E:\编程资料\编程代码\SnakeGame-1\SnakeGame\proj.win32\Debug.win32\link.1380-cvtres.read.1.tlog
E:\编程资料\编程代码\SnakeGame-1\SnakeGame\proj.win32\Debug.win32\link.1380-cvtres.write.1.tlog
E:\编程资料\编程代码\SnakeGame-1\SnakeGame\proj.win32\Debug.win32\link.1724.read.1.tlog
E:\编程资料\编程代码\SnakeGame-1\SnakeGame\proj.win32\Debug.win32\link.1724.write.1.tlog
E:\编程资料\编程代码\SnakeGame-1\SnakeGame\proj.win32\Debug.win32\link.1724-cvtres.read.1.tlog
E:\编程资料\编程代码\SnakeGame-1\SnakeGame\proj.win32\Debug.win32\link.1724-cvtres.write.1.tlog
E:\编程资料\编程代码\SnakeGame-1\SnakeGame\proj.win32\Debug.win32\link.2952.read.1.tlog
E:\编程资料\编程代码\SnakeGame-1\SnakeGame\proj.win32\Debug.win32\link.2952.write.1.tlog
E:\编程资料\编程代码\SnakeGame-1\SnakeGame\proj.win32\Debug.win32\link.2952-cvtres.read.1.tlog
E:\编程资料\编程代码\SnakeGame-1\SnakeGame\proj.win32\Debug.win32\link.2952-cvtres.write.1.tlog
E:\编程资料\编程代码\SnakeGame-1\SnakeGame\proj.win32\Debug.win32\link.4788.read.1.tlog
E:\编程资料\编程代码\SnakeGame-1\SnakeGame\proj.win32\Debug.win32\link.4788.write.1.tlog
E:\编程资料\编程代码\SnakeGame-1\SnakeGame\proj.win32\Debug.win32\link.4788-cvtres.read.1.tlog
E:\编程资料\编程代码\SnakeGame-1\SnakeGame\proj.win32\Debug.win32\link.4788-cvtres.write.1.tlog
E:\编程资料\编程代码\SnakeGame-1\SnakeGame\proj.win32\Debug.win32\link.6076.read.1.tlog
E:\编程资料\编程代码\SnakeGame-1\SnakeGame\proj.win32\Debug.win32\link.6076.write.1.tlog
E:\编程资料\编程代码\SnakeGame-1\SnakeGame\proj.win32\Debug.win32\link.6076-cvtres.read.1.tlog
E:\编程资料\编程代码\SnakeGame-1\SnakeGame\proj.win32\Debug.win32\link.6076-cvtres.write.1.tlog
E:\编程资料\编程代码\SnakeGame-1\SnakeGame\proj.win32\Debug.win32\link.7084.read.1.tlog
E:\编程资料\编程代码\SnakeGame-1\SnakeGame\proj.win32\Debug.win32\link.7084.write.1.tlog
E:\编程资料\编程代码\SnakeGame-1\SnakeGame\proj.win32\Debug.win32\link.7084-cvtres.read.1.tlog
E:\编程资料\编程代码\SnakeGame-1\SnakeGame\proj.win32\Debug.win32\link.7084-cvtres.write.1.tlog
E:\编程资料\编程代码\SnakeGame-1\SnakeGame\proj.win32\Debug.win32\link.7576.read.1.tlog
E:\编程资料\编程代码\SnakeGame-1\SnakeGame\proj.win32\Debug.win32\link.7576.write.1.tlog
E:\编程资料\编程代码\SnakeGame-1\SnakeGame\proj.win32\Debug.win32\link.7576-cvtres.read.1.tlog
E:\编程资料\编程代码\SnakeGame-1\SnakeGame\proj.win32\Debug.win32\link.7576-cvtres.write.1.tlog
E:\编程资料\编程代码\SnakeGame-1\SnakeGame\proj.win32\Debug.win32\link.7592.read.1.tlog
E:\编程资料\编程代码\SnakeGame-1\SnakeGame\proj.win32\Debug.win32\link.7592.write.1.tlog
E:\编程资料\编程代码\SnakeGame-1\SnakeGame\proj.win32\Debug.win32\link.7592-cvtres.read.1.tlog
E:\编程资料\编程代码\SnakeGame-1\SnakeGame\proj.win32\Debug.win32\link.7592-cvtres.write.1.tlog
E:\编程资料\编程代码\SnakeGame-1\SnakeGame\proj.win32\Debug.win32\link.7868.read.1.tlog
E:\编程资料\编程代码\SnakeGame-1\SnakeGame\proj.win32\Debug.win32\link.7868.write.1.tlog
E:\编程资料\编程代码\SnakeGame-1\SnakeGame\proj.win32\Debug.win32\link.7868-cvtres.read.1.tlog
E:\编程资料\编程代码\SnakeGame-1\SnakeGame\proj.win32\Debug.win32\link.7868-cvtres.write.1.tlog
E:\编程资料\编程代码\SnakeGame-1\SnakeGame\proj.win32\Debug.win32\link.8216.read.1.tlog
E:\编程资料\编程代码\SnakeGame-1\SnakeGame\proj.win32\Debug.win32\link.8216.write.1.tlog
E:\编程资料\编程代码\SnakeGame-1\SnakeGame\proj.win32\Debug.win32\link.8216-cvtres.read.1.tlog
E:\编程资料\编程代码\SnakeGame-1\SnakeGame\proj.win32\Debug.win32\link.8216-cvtres.write.1.tlog
E:\编程资料\编程代码\SnakeGame-1\SnakeGame\proj.win32\Debug.win32\link.command.1.tlog
E:\编程资料\编程代码\SnakeGame-1\SnakeGame\proj.win32\Debug.win32\link.read.1.tlog
E:\编程资料\编程代码\SnakeGame-1\SnakeGame\proj.win32\Debug.win32\link.write.1.tlog
E:\编程资料\编程代码\SnakeGame-1\SnakeGame\proj.win32\Debug.win32\link-cvtres.read.1.tlog
E:\编程资料\编程代码\SnakeGame-1\SnakeGame\proj.win32\Debug.win32\link-cvtres.write.1.tlog
E:\编程资料\编程代码\SNAKEGAME-1\SNAKEGAME\PROJ.WIN32\DEBUG.WIN32\MAIN.OBJ
E:\编程资料\编程代码\SNAKEGAME-1\SNAKEGAME\PROJ.WIN32\DEBUG.WIN32\MARSSNAKE.OBJ
E:\编程资料\编程代码\SnakeGame-1\SnakeGame\proj.win32\Debug.win32\mt.command.1.tlog
E:\编程资料\编程代码\SnakeGame-1\SnakeGame\proj.win32\Debug.win32\mt.read.1.tlog
E:\编程资料\编程代码\SnakeGame-1\SnakeGame\proj.win32\Debug.win32\mt.write.1.tlog
E:\编程资料\编程代码\SnakeGame-1\SnakeGame\proj.win32\Debug.win32\rc.command.1.tlog
E:\编程资料\编程代码\SnakeGame-1\SnakeGame\proj.win32\Debug.win32\rc.read.1.tlog
E:\编程资料\编程代码\SnakeGame-1\SnakeGame\proj.win32\Debug.win32\rc.write.1.tlog
E:\编程资料\编程代码\SnakeGame-1\SnakeGame\proj.win32\Debug.win32\Singleton.obj
E:\编程资料\编程代码\SNAKEGAME-1\SNAKEGAME\PROJ.WIN32\DEBUG.WIN32\SNAKE.OBJ
E:\编程资料\编程代码\SNAKEGAME-1\SNAKEGAME\PROJ.WIN32\DEBUG.WIN32\SNAKEGAME.RES
E:\编程资料\编程代码\SnakeGame-1\SnakeGame\proj.win32\Debug.win32\SnakeGame.win32.exe.embed.manifest
E:\编程资料\编程代码\SNAKEGAME-1\SNAKEGAME\PROJ.WIN32\DEBUG.WIN32\SNAKEGAME.WIN32.EXE.EMBED.MANIFEST.RES
E:\编程资料\编程代码\SNAKEGAME-1\SNAKEGAME\PROJ.WIN32\DEBUG.WIN32\SNAKEGAME.WIN32.EXE.INTERMEDIATE.MANIFEST
E:\编程资料\编程代码\SnakeGame-1\SnakeGame\proj.win32\Debug.win32\SnakeGame.win32_manifest.rc
E:\编程资料\编程代码\SnakeGame-1\SnakeGame\proj.win32\Debug.win32\vc100.idb
E:\编程资料\编程代码\SNAKEGAME-1\SNAKEGAME\PROJ.WIN32\DEBUG.WIN32\VC100.PDB
